<?xml version="1.0" encoding="UTF-8"?>
<testng-results ignored="0" total="2" passed="2" failed="0" skipped="0">
  <reporter-output>
  </reporter-output>
  <suite started-at="2022-08-03T21:02:56 IST" name="Default suite" finished-at="2022-08-03T21:02:56 IST" duration-ms="86">
    <groups>
    </groups>
    <test started-at="2022-08-03T21:02:56 IST" name="Default test" finished-at="2022-08-03T21:02:56 IST" duration-ms="86">
      <class name="TestNGMethods.BokkingTicket">
        <test-method signature="bokkingTicket(java.lang.String,java.lang.String)[pri:0, instance:TestNGMethods.BokkingTicket@5b03b9fe]" started-at="2022-08-03T21:02:56 IST" name="bokkingTicket" data-provider="dataprovider_bokkingTicket" finished-at="2022-08-03T21:02:56 IST" duration-ms="12" status="PASS">
          <params>
            <param index="0">
              <value>
                <![CDATA[bang]]>
              </value>
            </param>
            <param index="1">
              <value>
                <![CDATA[goa]]>
              </value>
            </param>
          </params>
          <reporter-output>
          </reporter-output>
        </test-method> <!-- bokkingTicket -->
        <test-method signature="bokkingTicket(java.lang.String,java.lang.String)[pri:0, instance:TestNGMethods.BokkingTicket@5b03b9fe]" started-at="2022-08-03T21:02:56 IST" name="bokkingTicket" data-provider="dataprovider_bokkingTicket" finished-at="2022-08-03T21:02:56 IST" duration-ms="3" status="PASS">
          <params>
            <param index="0">
              <value>
                <![CDATA[dddd]]>
              </value>
            </param>
            <param index="1">
              <value>
                <![CDATA[ffff]]>
              </value>
            </param>
          </params>
          <reporter-output>
          </reporter-output>
        </test-method> <!-- bokkingTicket -->
      </class> <!-- TestNGMethods.BokkingTicket -->
    </test> <!-- Default test -->
  </suite> <!-- Default suite -->
</testng-results>
